d:\exercise c++ funix\library_system\library_system\x64\debug\vc143.pdb
d:\exercise c++ funix\library_system\library_system\x64\debug\vc143.idb
d:\exercise c++ funix\library_system\library_system\x64\debug\validdata.obj
d:\exercise c++ funix\library_system\library_system\x64\debug\usermanager.obj
d:\exercise c++ funix\library_system\library_system\x64\debug\teacher.obj
d:\exercise c++ funix\library_system\library_system\x64\debug\student.obj
d:\exercise c++ funix\library_system\library_system\x64\debug\guest.obj
d:\exercise c++ funix\library_system\library_system\x64\debug\bookmanager.obj
d:\exercise c++ funix\library_system\library_system\x64\debug\book.obj
d:\exercise c++ funix\library_system\library_system\x64\debug\main.obj
d:\exercise c++ funix\library_system\library_system\x64\debug\user.obj
d:\exercise c++ funix\library_system\library_system\x64\debug\filemanager.obj
d:\exercise c++ funix\library_system\library_system\x64\debug\library.obj
d:\exercise c++ funix\library_system\library_system\x64\debug\borrowbook.obj
d:\exercise c++ funix\library_system\library_system\x64\debug\calculateoverdue.obj
d:\exercise c++ funix\library_system\x64\debug\library_system.exe
d:\exercise c++ funix\library_system\x64\debug\library_system.pdb
d:\exercise c++ funix\library_system\library_system\x64\debug\library_system.ilk
d:\exercise c++ funix\library_system\library_system\x64\debug\borrowday.obj
d:\exercise c++ funix\library_system\library_system\x64\debug\borrowtransaction.obj
d:\exercise c++ funix\library_system\library_system\x64\debug\ngay.obj
d:\exercise c++ funix\library_system\library_system\x64\debug\thuvien.obj
d:\exercise c++ funix\library_system\library_system\x64\debug\transactionmanager.obj
d:\exercise c++ funix\library_system\library_system\x64\debug\usermanager.obj.enc
d:\exercise c++ funix\library_system\library_system\x64\debug\library_system.tlog\cl.command.1.tlog
d:\exercise c++ funix\library_system\library_system\x64\debug\library_system.tlog\cl.items.tlog
d:\exercise c++ funix\library_system\library_system\x64\debug\library_system.tlog\cl.read.1.tlog
d:\exercise c++ funix\library_system\library_system\x64\debug\library_system.tlog\cl.write.1.tlog
d:\exercise c++ funix\library_system\library_system\x64\debug\library_system.tlog\link.command.1.tlog
d:\exercise c++ funix\library_system\library_system\x64\debug\library_system.tlog\link.read.1.tlog
d:\exercise c++ funix\library_system\library_system\x64\debug\library_system.tlog\link.secondary.1.tlog
d:\exercise c++ funix\library_system\library_system\x64\debug\library_system.tlog\link.write.1.tlog
